Determining if the pthread_create exist failed with the following output:
Change Dir: /home/root/catkin_ws/build/CMakeFiles/CMakeTmp

Run Build Command:"/usr/bin/make" "cmTC_f146c/fast"
/usr/bin/make -f CMakeFiles/cmTC_f146c.dir/build.make CMakeFiles/cmTC_f146c.dir/build
make[1]: Entering directory '/home/root/catkin_ws/build/CMakeFiles/CMakeTmp'
Building C object CMakeFiles/cmTC_f146c.dir/CheckSymbolExists.c.o
/usr/bin/cc     -o CMakeFiles/cmTC_f146c.dir/CheckSymbolExists.c.o   -c /home/root/catkin_ws/build/CMakeFiles/CMakeTmp/CheckSymbolExists.c
Linking C executable cmTC_f146c
/usr/bin/cmake -E cmake_link_script CMakeFiles/cmTC_f146c.dir/link.txt --verbose=1
/usr/bin/cc       CMakeFiles/cmTC_f146c.dir/CheckSymbolExists.c.o  -o cmTC_f146c -rdynamic 
CMakeFiles/cmTC_f146c.dir/CheckSymbolExists.c.o: In function `main':
CheckSymbolExists.c:(.text+0x16): undefined reference to `pthread_create'
collect2: error: ld returned 1 exit status
CMakeFiles/cmTC_f146c.dir/build.make:97: recipe for target 'cmTC_f146c' failed
make[1]: *** [cmTC_f146c] Error 1
make[1]: Leaving directory '/home/root/catkin_ws/build/CMakeFiles/CMakeTmp'
Makefile:126: recipe for target 'cmTC_f146c/fast' failed
make: *** [cmTC_f146c/fast] Error 2

File /home/root/catkin_ws/build/CMakeFiles/CMakeTmp/CheckSymbolExists.c:
/* */
#include <pthread.h>

int main(int argc, char** argv)
{
  (void)argv;
#ifndef pthread_create
  return ((int*)(&pthread_create))[argc];
#else
  (void)argc;
  return 0;
#endif
}

Determining if the function pthread_create exists in the pthreads failed with the following output:
Change Dir: /home/root/catkin_ws/build/CMakeFiles/CMakeTmp

Run Build Command:"/usr/bin/make" "cmTC_d8e7d/fast"
/usr/bin/make -f CMakeFiles/cmTC_d8e7d.dir/build.make CMakeFiles/cmTC_d8e7d.dir/build
make[1]: Entering directory '/home/root/catkin_ws/build/CMakeFiles/CMakeTmp'
Building C object CMakeFiles/cmTC_d8e7d.dir/CheckFunctionExists.c.o
/usr/bin/cc    -DCHECK_FUNCTION_EXISTS=pthread_create   -o CMakeFiles/cmTC_d8e7d.dir/CheckFunctionExists.c.o   -c /usr/share/cmake-3.5/Modules/CheckFunctionExists.c
Linking C executable cmTC_d8e7d
/usr/bin/cmake -E cmake_link_script CMakeFiles/cmTC_d8e7d.dir/link.txt --verbose=1
/usr/bin/cc   -DCHECK_FUNCTION_EXISTS=pthread_create    CMakeFiles/cmTC_d8e7d.dir/CheckFunctionExists.c.o  -o cmTC_d8e7d -rdynamic -lpthreads 
/usr/bin/ld: cannot find -lpthreads
collect2: error: ld returned 1 exit status
CMakeFiles/cmTC_d8e7d.dir/build.make:97: recipe for target 'cmTC_d8e7d' failed
make[1]: *** [cmTC_d8e7d] Error 1
make[1]: Leaving directory '/home/root/catkin_ws/build/CMakeFiles/CMakeTmp'
Makefile:126: recipe for target 'cmTC_d8e7d/fast' failed
make: *** [cmTC_d8e7d/fast] Error 2


